<?xml version="1.0" encoding="UTF-8"?>
<!-- Generated by org.testng.reporters.JUnitXMLReporter -->
<testsuite ignored="2" hostname="DESKTOP-A2H5HF5" failures="2" tests="5" name="Test" time="89.256" errors="0" timestamp="2025-08-04T13:33:34 IST">
  <testcase classname="baseClass.BaseClass" name="@BeforeMethod setup" time="0.003">
    <failure type="java.lang.NullPointerException" message="Cannot invoke &amp;quot;java.util.Properties.getProperty(String)&amp;quot; because &amp;quot;this.properties&amp;quot; is null">
      <![CDATA[java.lang.NullPointerException: Cannot invoke "java.util.Properties.getProperty(String)" because "this.properties" is null
at baseClass.BaseClass.setup(BaseClass.java:52)
at java.base/java.util.ArrayList.forEach(ArrayList.java:1596)
... Removed 29 stack frames]]>
    </failure>
  </testcase> <!-- @BeforeMethod setup -->
  <testcase classname="baseClass.BaseClass" name="@AfterMethod closeBrowser" time="0.0">
    <skipped/>
  </testcase> <!-- @AfterMethod closeBrowser -->
  <testcase classname="testCases.SearchTest" name="searchItem" time="11.24"/>
  <testcase classname="testCases.SearchTest" name="searchItem" time="9.076"/>
  <testcase classname="testCases.SearchTest" name="searchItem" time="18.872">
    <failure type="java.lang.AssertionError" message="No results found for: sdkjfvn">
      <![CDATA[java.lang.AssertionError: No results found for: sdkjfvn
at testCases.SearchTest.searchItem(SearchTest.java:34)
at java.base/java.util.ArrayList.forEach(ArrayList.java:1596)
... Removed 26 stack frames]]>
    </failure>
  </testcase> <!-- searchItem -->
  <testcase classname="testCases.SearchTest" name="searchItem" time="16.119">
    <failure type="java.lang.AssertionError" message="No results found for: ">
      <![CDATA[java.lang.AssertionError: No results found for: 
at testCases.SearchTest.searchItem(SearchTest.java:34)
at java.base/java.util.ArrayList.forEach(ArrayList.java:1596)
... Removed 26 stack frames]]>
    </failure>
  </testcase> <!-- searchItem -->
  <testcase classname="testCases.AddToCartTest" name="addtoCart" time="0.001">
    <skipped/>
  </testcase> <!-- addtoCart -->
  <testcase classname="baseClass.BaseClass" name="@BeforeSuite extednreport" time="0.0">
    <ignored/>
  </testcase> <!-- @BeforeSuite extednreport -->
  <testcase classname="baseClass.BaseClass" name="@AfterSuite tearDownReport" time="0.0">
    <ignored/>
  </testcase> <!-- @AfterSuite tearDownReport -->
</testsuite> <!-- Test -->
