<?xml version="1.0" encoding="UTF-8"?>
<testng-results ignored="0" total="4" passed="2" failed="2" skipped="0">
  <reporter-output>
  </reporter-output>
  <suite started-at="2025-08-04T14:08:21 IST" name="Default suite" finished-at="2025-08-04T14:09:48 IST" duration-ms="86685">
    <groups>
    </groups>
    <test started-at="2025-08-04T14:08:21 IST" name="Default test" finished-at="2025-08-04T14:09:48 IST" duration-ms="86685">
      <class name="testCases.SearchTest">
        <test-method is-config="true" signature="extednreport()[pri:0, instance:testCases.SearchTest@5733f295]" started-at="2025-08-04T14:08:21 IST" name="extednreport" finished-at="2025-08-04T14:08:21 IST" duration-ms="336" status="PASS">
          <reporter-output>
          </reporter-output>
        </test-method> <!-- extednreport -->
        <test-method is-config="true" signature="setup(java.lang.reflect.Method)[pri:0, instance:testCases.SearchTest@5733f295]" started-at="2025-08-04T14:08:21 IST" name="setup" finished-at="2025-08-04T14:08:28 IST" duration-ms="7524" status="PASS">
          <params>
            <param index="0">
              <value>
                <![CDATA[public void testCases.SearchTest.searchItem(java.lang.String,java.lang.String,boolean) throws java.lang.InterruptedException]]>
              </value>
            </param>
          </params>
          <reporter-output>
          </reporter-output>
        </test-method> <!-- setup -->
        <test-method signature="searchItem(java.lang.String,java.lang.String,boolean)[pri:0, instance:testCases.SearchTest@5733f295]" started-at="2025-08-04T14:08:28 IST" name="searchItem" data-provider="searchProduct" finished-at="2025-08-04T14:08:41 IST" duration-ms="12380" status="PASS">
          <params>
            <param index="0">
              <value>
                <![CDATA[221001]]>
              </value>
            </param>
            <param index="1">
              <value>
                <![CDATA[Rice]]>
              </value>
            </param>
            <param index="2">
              <value>
                <![CDATA[true]]>
              </value>
            </param>
          </params>
          <reporter-output>
          </reporter-output>
        </test-method> <!-- searchItem -->
        <test-method is-config="true" signature="closeBrowser()[pri:0, instance:testCases.SearchTest@5733f295]" started-at="2025-08-04T14:08:41 IST" name="closeBrowser" finished-at="2025-08-04T14:08:41 IST" duration-ms="1" status="PASS">
          <reporter-output>
          </reporter-output>
        </test-method> <!-- closeBrowser -->
        <test-method is-config="true" signature="setup(java.lang.reflect.Method)[pri:0, instance:testCases.SearchTest@5733f295]" started-at="2025-08-04T14:08:41 IST" name="setup" finished-at="2025-08-04T14:08:48 IST" duration-ms="6804" status="PASS">
          <params>
            <param index="0">
              <value>
                <![CDATA[public void testCases.SearchTest.searchItem(java.lang.String,java.lang.String,boolean) throws java.lang.InterruptedException]]>
              </value>
            </param>
          </params>
          <reporter-output>
          </reporter-output>
        </test-method> <!-- setup -->
        <test-method signature="searchItem(java.lang.String,java.lang.String,boolean)[pri:0, instance:testCases.SearchTest@5733f295]" started-at="2025-08-04T14:08:48 IST" name="searchItem" data-provider="searchProduct" finished-at="2025-08-04T14:08:58 IST" duration-ms="10654" status="PASS">
          <params>
            <param index="0">
              <value>
                <![CDATA[221001]]>
              </value>
            </param>
            <param index="1">
              <value>
                <![CDATA[Milk]]>
              </value>
            </param>
            <param index="2">
              <value>
                <![CDATA[false]]>
              </value>
            </param>
          </params>
          <reporter-output>
          </reporter-output>
        </test-method> <!-- searchItem -->
        <test-method is-config="true" signature="closeBrowser()[pri:0, instance:testCases.SearchTest@5733f295]" started-at="2025-08-04T14:08:58 IST" name="closeBrowser" finished-at="2025-08-04T14:08:58 IST" duration-ms="1" status="PASS">
          <reporter-output>
          </reporter-output>
        </test-method> <!-- closeBrowser -->
        <test-method is-config="true" signature="setup(java.lang.reflect.Method)[pri:0, instance:testCases.SearchTest@5733f295]" started-at="2025-08-04T14:08:58 IST" name="setup" finished-at="2025-08-04T14:09:06 IST" duration-ms="7747" status="PASS">
          <params>
            <param index="0">
              <value>
                <![CDATA[public void testCases.SearchTest.searchItem(java.lang.String,java.lang.String,boolean) throws java.lang.InterruptedException]]>
              </value>
            </param>
          </params>
          <reporter-output>
          </reporter-output>
        </test-method> <!-- setup -->
        <test-method signature="searchItem(java.lang.String,java.lang.String,boolean)[pri:0, instance:testCases.SearchTest@5733f295]" started-at="2025-08-04T14:09:06 IST" name="searchItem" data-provider="searchProduct" finished-at="2025-08-04T14:09:25 IST" duration-ms="18505" status="FAIL">
          <params>
            <param index="0">
              <value>
                <![CDATA[221001]]>
              </value>
            </param>
            <param index="1">
              <value>
                <![CDATA[sdkjfvn]]>
              </value>
            </param>
            <param index="2">
              <value>
                <![CDATA[false]]>
              </value>
            </param>
          </params>
          <exception class="java.lang.AssertionError">
            <message>
              <![CDATA[No results found for: sdkjfvn]]>
            </message>
            <full-stacktrace>
              <![CDATA[java.lang.AssertionError: No results found for: sdkjfvn
at org.testng.Assert.fail(Assert.java:111)
at testCases.SearchTest.searchItem(SearchTest.java:34)
at java.base/jdk.internal.reflect.DirectMethodHandleAccessor.invoke(DirectMethodHandleAccessor.java:103)
at java.base/java.lang.reflect.Method.invoke(Method.java:580)
at org.testng.internal.invokers.MethodInvocationHelper.invokeMethod(MethodInvocationHelper.java:141)
at org.testng.internal.invokers.TestInvoker.invokeMethod(TestInvoker.java:687)
at org.testng.internal.invokers.TestInvoker.invokeTestMethod(TestInvoker.java:230)
at org.testng.internal.invokers.MethodRunner.runInSequence(MethodRunner.java:63)
at org.testng.internal.invokers.TestInvoker$MethodInvocationAgent.invoke(TestInvoker.java:995)
at org.testng.internal.invokers.TestInvoker.invokeTestMethods(TestInvoker.java:203)
at org.testng.internal.invokers.TestMethodWorker.invokeTestMethods(TestMethodWorker.java:154)
at org.testng.internal.invokers.TestMethodWorker.run(TestMethodWorker.java:134)
at java.base/java.util.ArrayList.forEach(ArrayList.java:1596)
at org.testng.TestRunner.privateRun(TestRunner.java:741)
at org.testng.TestRunner.run(TestRunner.java:616)
at org.testng.SuiteRunner.runTest(SuiteRunner.java:421)
at org.testng.SuiteRunner.runSequentially(SuiteRunner.java:413)
at org.testng.SuiteRunner.privateRun(SuiteRunner.java:373)
at org.testng.SuiteRunner.run(SuiteRunner.java:312)
at org.testng.SuiteRunnerWorker.runSuite(SuiteRunnerWorker.java:52)
at org.testng.SuiteRunnerWorker.run(SuiteRunnerWorker.java:95)
at org.testng.TestNG.runSuitesSequentially(TestNG.java:1274)
at org.testng.TestNG.runSuitesLocally(TestNG.java:1208)
at org.testng.TestNG.runSuites(TestNG.java:1112)
at org.testng.TestNG.run(TestNG.java:1079)
at org.testng.remote.AbstractRemoteTestNG.run(AbstractRemoteTestNG.java:115)
at org.testng.remote.RemoteTestNG.initAndRun(RemoteTestNG.java:293)
at org.testng.remote.RemoteTestNG.main(RemoteTestNG.java:91)
]]>
            </full-stacktrace>
          </exception> <!-- java.lang.AssertionError -->
          <reporter-output>
          </reporter-output>
        </test-method> <!-- searchItem -->
        <test-method is-config="true" signature="closeBrowser()[pri:0, instance:testCases.SearchTest@5733f295]" started-at="2025-08-04T14:09:25 IST" name="closeBrowser" finished-at="2025-08-04T14:09:25 IST" duration-ms="1" status="PASS">
          <reporter-output>
          </reporter-output>
        </test-method> <!-- closeBrowser -->
        <test-method is-config="true" signature="setup(java.lang.reflect.Method)[pri:0, instance:testCases.SearchTest@5733f295]" started-at="2025-08-04T14:09:25 IST" name="setup" finished-at="2025-08-04T14:09:32 IST" duration-ms="7373" status="PASS">
          <params>
            <param index="0">
              <value>
                <![CDATA[public void testCases.SearchTest.searchItem(java.lang.String,java.lang.String,boolean) throws java.lang.InterruptedException]]>
              </value>
            </param>
          </params>
          <reporter-output>
          </reporter-output>
        </test-method> <!-- setup -->
        <test-method signature="searchItem(java.lang.String,java.lang.String,boolean)[pri:0, instance:testCases.SearchTest@5733f295]" started-at="2025-08-04T14:09:32 IST" name="searchItem" data-provider="searchProduct" finished-at="2025-08-04T14:09:48 IST" duration-ms="15587" status="FAIL">
          <params>
            <param index="0">
              <value>
                <![CDATA[221001]]>
              </value>
            </param>
            <param index="1">
              <value>
                <![CDATA[]]>
              </value>
            </param>
            <param index="2">
              <value>
                <![CDATA[false]]>
              </value>
            </param>
          </params>
          <exception class="java.lang.AssertionError">
            <message>
              <![CDATA[No results found for: ]]>
            </message>
            <full-stacktrace>
              <![CDATA[java.lang.AssertionError: No results found for: 
at org.testng.Assert.fail(Assert.java:111)
at testCases.SearchTest.searchItem(SearchTest.java:34)
at java.base/jdk.internal.reflect.DirectMethodHandleAccessor.invoke(DirectMethodHandleAccessor.java:103)
at java.base/java.lang.reflect.Method.invoke(Method.java:580)
at org.testng.internal.invokers.MethodInvocationHelper.invokeMethod(MethodInvocationHelper.java:141)
at org.testng.internal.invokers.TestInvoker.invokeMethod(TestInvoker.java:687)
at org.testng.internal.invokers.TestInvoker.invokeTestMethod(TestInvoker.java:230)
at org.testng.internal.invokers.MethodRunner.runInSequence(MethodRunner.java:63)
at org.testng.internal.invokers.TestInvoker$MethodInvocationAgent.invoke(TestInvoker.java:995)
at org.testng.internal.invokers.TestInvoker.invokeTestMethods(TestInvoker.java:203)
at org.testng.internal.invokers.TestMethodWorker.invokeTestMethods(TestMethodWorker.java:154)
at org.testng.internal.invokers.TestMethodWorker.run(TestMethodWorker.java:134)
at java.base/java.util.ArrayList.forEach(ArrayList.java:1596)
at org.testng.TestRunner.privateRun(TestRunner.java:741)
at org.testng.TestRunner.run(TestRunner.java:616)
at org.testng.SuiteRunner.runTest(SuiteRunner.java:421)
at org.testng.SuiteRunner.runSequentially(SuiteRunner.java:413)
at org.testng.SuiteRunner.privateRun(SuiteRunner.java:373)
at org.testng.SuiteRunner.run(SuiteRunner.java:312)
at org.testng.SuiteRunnerWorker.runSuite(SuiteRunnerWorker.java:52)
at org.testng.SuiteRunnerWorker.run(SuiteRunnerWorker.java:95)
at org.testng.TestNG.runSuitesSequentially(TestNG.java:1274)
at org.testng.TestNG.runSuitesLocally(TestNG.java:1208)
at org.testng.TestNG.runSuites(TestNG.java:1112)
at org.testng.TestNG.run(TestNG.java:1079)
at org.testng.remote.AbstractRemoteTestNG.run(AbstractRemoteTestNG.java:115)
at org.testng.remote.RemoteTestNG.initAndRun(RemoteTestNG.java:293)
at org.testng.remote.RemoteTestNG.main(RemoteTestNG.java:91)
]]>
            </full-stacktrace>
          </exception> <!-- java.lang.AssertionError -->
          <reporter-output>
          </reporter-output>
        </test-method> <!-- searchItem -->
        <test-method is-config="true" signature="closeBrowser()[pri:0, instance:testCases.SearchTest@5733f295]" started-at="2025-08-04T14:09:48 IST" name="closeBrowser" finished-at="2025-08-04T14:09:48 IST" duration-ms="1" status="PASS">
          <reporter-output>
          </reporter-output>
        </test-method> <!-- closeBrowser -->
        <test-method is-config="true" signature="tearDownReport()[pri:0, instance:testCases.SearchTest@5733f295]" started-at="2025-08-04T14:09:48 IST" name="tearDownReport" finished-at="2025-08-04T14:09:49 IST" duration-ms="1760" status="PASS">
          <reporter-output>
          </reporter-output>
        </test-method> <!-- tearDownReport -->
      </class> <!-- testCases.SearchTest -->
    </test> <!-- Default test -->
  </suite> <!-- Default suite -->
</testng-results>
